2019-06-03T03:01:06.134Z - normal: Load ~/.CocosCreator/settings.json
2019-06-03T03:01:07.383Z - normal: Initializing Asset Database
2019-06-03T03:01:07.399Z - normal: checking language setting...
2019-06-03T03:01:07.399Z - normal: Language: zh
2019-06-03T03:01:09.376Z - success: preview server running at http://localhost:7456
2019-06-03T03:01:09.376Z - success: protocol editor-framework registered
2019-06-03T03:01:09.376Z - success: protocol app registered
2019-06-03T03:01:09.376Z - success: protocol theme registered
2019-06-03T03:01:09.376Z - success: protocol packages registered
2019-06-03T03:01:09.376Z - success: protocol uuid registerred
2019-06-03T03:01:09.376Z - success: protocol db registerred
2019-06-03T03:01:09.376Z - success: protocol thumbnail registerred
2019-06-03T03:01:09.376Z - success: protocol unpack registerred
2019-06-03T03:01:09.376Z - success: protocol disable-commonjs registerred
2019-06-03T03:01:09.798Z - normal: connected!
2019-06-03T03:01:09.798Z - normal: Check project D:\CocosProject\FlyWar-master
2019-06-03T03:01:09.798Z - normal: Initializing project D:\CocosProject\FlyWar-master
2019-06-03T03:01:10.547Z - normal: Initializing Cocos2d
2019-06-03T03:01:12.016Z - normal: Initializing engine extends
2019-06-03T03:01:12.281Z - success: asset-db-debugger loaded
2019-06-03T03:01:12.297Z - success: baidu-adapter loaded
2019-06-03T03:01:12.313Z - success: code-editor loaded
2019-06-03T03:01:12.313Z - success: color-picker loaded
2019-06-03T03:01:12.533Z - success: fb-audience-network loaded
2019-06-03T03:01:12.627Z - success: fb-live-stream loaded
2019-06-03T03:01:12.643Z - success: google-play-instant loaded
2019-06-03T03:01:12.689Z - success: huawei-runtime loaded
2019-06-03T03:01:12.689Z - success: jsb-adapter loaded
2019-06-03T03:01:12.721Z - success: oppo-runtime loaded
2019-06-03T03:01:12.736Z - success: package-manager loaded
2019-06-03T03:01:13.236Z - success: qqplay-adapter loaded
2019-06-03T03:01:13.236Z - success: runtime-dev-tools loaded
2019-06-03T03:01:13.267Z - success: sdkbox loaded
2019-06-03T03:01:13.283Z - success: tester loaded
2019-06-03T03:01:13.283Z - success: ui-grid loaded
2019-06-03T03:01:13.299Z - success: ui-kit-preview-extra loaded
2019-06-03T03:01:13.314Z - success: ui-kit-preview loaded
2019-06-03T03:01:13.314Z - success: ui-kit loaded
2019-06-03T03:01:13.314Z - success: ui-tree loaded
2019-06-03T03:01:13.346Z - success: vivo-runtime loaded
2019-06-03T03:01:13.361Z - success: weapp-adapter loaded
2019-06-03T03:01:13.408Z - success: assets loaded
2019-06-03T03:01:13.408Z - success: builder loaded
2019-06-03T03:01:14.017Z - success: cocos-services loaded
2019-06-03T03:01:14.033Z - success: console loaded
2019-06-03T03:01:14.080Z - success: fb-instant-games loaded
2019-06-03T03:01:14.080Z - success: google-instant-games loaded
2019-06-03T03:01:14.080Z - success: hierarchy loaded
2019-06-03T03:01:14.095Z - success: inspector loaded
2019-06-03T03:01:14.095Z - success: keystore loaded
2019-06-03T03:01:14.095Z - success: node-library loaded
2019-06-03T03:01:14.111Z - success: package-asset loaded
2019-06-03T03:01:14.111Z - success: preferences loaded
2019-06-03T03:01:14.111Z - success: project-exporter loaded
2019-06-03T03:01:14.111Z - success: project-importer loaded
2019-06-03T03:01:14.111Z - success: project-settings loaded
2019-06-03T03:01:14.127Z - success: scene loaded
2019-06-03T03:01:14.127Z - success: simulator-debugger loaded
2019-06-03T03:01:14.127Z - success: sprite-editor loaded
2019-06-03T03:01:14.127Z - success: store loaded
2019-06-03T03:01:14.127Z - success: timeline loaded
2019-06-03T03:01:16.694Z - normal: Loading packages
2019-06-03T03:01:16.835Z - normal: Watching packages
2019-06-03T03:01:17.533Z - info: Cocos Services load base data!
2019-06-03T03:01:17.768Z - normal: Run Application
